[17:24:44] [main/INFO] [LaunchWrapper]: Loading tweak class name net.minecraftforge.fml.common.launcher.FMLServerTweaker
[17:24:44] [main/INFO] [LaunchWrapper]: Using primary tweak class name net.minecraftforge.fml.common.launcher.FMLServerTweaker
[17:24:44] [main/INFO] [LaunchWrapper]: Calling tweak class net.minecraftforge.fml.common.launcher.FMLServerTweaker
[17:24:44] [main/DEBUG] [FML]: Injecting tracing printstreams for STDOUT/STDERR.
[17:24:44] [main/INFO] [FML]: Forge Mod Loader version 14.23.5.2860 for Minecraft 1.12.2 loading
[17:24:44] [main/INFO] [FML]: Java is Java HotSpot(TM) Client VM, version 1.8.0_281, running on Windows 10:x86:10.0, installed at D:\Phunder\Github\FlashMiniGame\jre1.8.0_281
[17:24:44] [main/DEBUG] [FML]: Java classpath at launch is:
[17:24:44] [main/DEBUG] [FML]:     Magma-1.12.2-a0c0ffb0.jar
[17:24:44] [main/DEBUG] [FML]: Java library path at launch is:
[17:24:44] [main/DEBUG] [FML]:     D:\Phunder\Github\FlashMiniGame\jre1.8.0_281\bin
[17:24:44] [main/DEBUG] [FML]:     C:\WINDOWS\Sun\Java\bin
[17:24:44] [main/DEBUG] [FML]:     C:\WINDOWS\system32
[17:24:44] [main/DEBUG] [FML]:     C:\WINDOWS
[17:24:44] [main/DEBUG] [FML]:     G:\VMware\VMware Workstation\bin\
[17:24:44] [main/DEBUG] [FML]:     C:\Program Files\Common Files\Oracle\Java\javapath
[17:24:44] [main/DEBUG] [FML]:     C:\Program Files (x86)\Common Files\Oracle\Java\javapath
[17:24:44] [main/DEBUG] [FML]:     "C:\Program Files (x86)\Common Files\Oracle\Java\javapath
[17:24:44] [main/DEBUG] [FML]:     D:\rar\thc-hydra-8.6\hydra-gtk"
[17:24:44] [main/DEBUG] [FML]:     C:\WINDOWS\system32
[17:24:44] [main/DEBUG] [FML]:     C:\WINDOWS
[17:24:44] [main/DEBUG] [FML]:     C:\WINDOWS\System32\Wbem
[17:24:44] [main/DEBUG] [FML]:     C:\WINDOWS\System32\WindowsPowerShell\v1.0\
[17:24:44] [main/DEBUG] [FML]:     C:\WINDOWS\System32\OpenSSH\
[17:24:44] [main/DEBUG] [FML]:     C:\Program Files\TortoiseSVN\bin
[17:24:44] [main/DEBUG] [FML]:     C:\Program Files\NVIDIA Corporation\NVIDIA NvDLISR
[17:24:44] [main/DEBUG] [FML]:     C:\Program Files (x86)\NVIDIA Corporation\PhysX\Common
[17:24:44] [main/DEBUG] [FML]:     C:\Program Files\dotnet\
[17:24:44] [main/DEBUG] [FML]:     C:\Program Files\Microsoft SQL Server\130\Tools\Binn\
[17:24:44] [main/DEBUG] [FML]:     C:\Program Files (x86)\Smart Projects\IsoBuster
[17:24:44] [main/DEBUG] [FML]:     C:\WINDOWS\system32
[17:24:44] [main/DEBUG] [FML]:     C:\WINDOWS
[17:24:44] [main/DEBUG] [FML]:     C:\WINDOWS\System32\Wbem
[17:24:44] [main/DEBUG] [FML]:     C:\WINDOWS\System32\WindowsPowerShell\v1.0\
[17:24:44] [main/DEBUG] [FML]:     C:\WINDOWS\System32\OpenSSH\
[17:24:44] [main/DEBUG] [FML]:     C:\Program Files\PuTTY\
[17:24:44] [main/DEBUG] [FML]:     C:\Program Files\Git\cmd
[17:24:44] [main/DEBUG] [FML]:     C:\Program Files\nodejs\
[17:24:44] [main/DEBUG] [FML]:     C:\metasploit-framework\bin\
[17:24:44] [main/DEBUG] [FML]:     C:\Users\utilisateur\.jdks\corretto-17.0.5\bin
[17:24:44] [main/DEBUG] [FML]:     C:\Users\utilisateur\AppData\Local\Microsoft\WindowsApps
[17:24:44] [main/DEBUG] [FML]:     C:\Users\utilisateur\AppData\Local\atom\bin
[17:24:44] [main/DEBUG] [FML]:     C:\Users\utilisateur\AppData\Local\Microsoft\WindowsApps
[17:24:44] [main/DEBUG] [FML]:     C:\Users\utilisateur\AppData\Local\Programs\Microsoft VS Code\bin
[17:24:44] [main/DEBUG] [FML]:     C:\Users\utilisateur\.dotnet\tools
[17:24:44] [main/DEBUG] [FML]:     C:\Users\utilisateur\AppData\Local\GitHubDesktop\bin
[17:24:44] [main/DEBUG] [FML]:     C:\Program Files (x86)\Nmap
[17:24:44] [main/DEBUG] [FML]:     C:\Users\utilisateur\AppData\Roaming\npm
[17:24:44] [main/DEBUG] [FML]:     .
[17:24:44] [main/DEBUG] [FML]: Determined Minecraft Libraries Root: D:\Phunder\Github\FlashMiniGame\serveur magma\libraries
[17:24:44] [main/DEBUG] [FML]: Cleaning up mods folder: .\mods
[17:24:44] [main/DEBUG] [FML]: Examining file: Chisel-MC1.12.2-1.0.2.45.jar
[17:24:44] [main/DEBUG] [FML]: Examining file: chiselsandbits-14.33.jar
[17:24:44] [main/DEBUG] [FML]: Examining file: CTM-MC1.12.2-1.0.2.31.jar
[17:24:44] [main/DEBUG] [FML]: Examining file: CustomNPCs_1.12.2-(05Jul20).jar
[17:24:44] [main/DEBUG] [FML]: Examining file: Decocraft-2.6.3.7_1.12.2.jar
[17:24:44] [main/DEBUG] [FML]: Examining file: OptiFine_1.12.2_HD_U_G5_MOD.jar
[17:24:44] [main/DEBUG] [FML]: Examining file: PTRLib-1.0.5.jar
[17:24:44] [main/DEBUG] [FML]: Examining file: rustic-1.1.7.jar
[17:24:44] [main/DEBUG] [FML]: Examining file: worldedit-forge-mc1.12.2-6.1.10-dist.jar
[17:24:44] [main/DEBUG] [FML]: Enabling runtime deobfuscation
[17:24:44] [main/DEBUG] [FML]: Instantiating coremod class FMLCorePlugin
[17:24:44] [main/WARN] [FML]: The coremod FMLCorePlugin (net.minecraftforge.fml.relauncher.FMLCorePlugin) is not signed!
[17:24:44] [main/DEBUG] [FML]: Added access transformer class net.minecraftforge.fml.common.asm.transformers.AccessTransformer to enqueued access transformers
[17:24:44] [main/DEBUG] [FML]: Enqueued coremod FMLCorePlugin
[17:24:44] [main/DEBUG] [FML]: Instantiating coremod class FMLForgePlugin
[17:24:44] [main/WARN] [FML]: The coremod FMLForgePlugin (net.minecraftforge.classloading.FMLForgePlugin) is not signed!
[17:24:44] [main/DEBUG] [FML]: Enqueued coremod FMLForgePlugin
[17:24:44] [main/DEBUG] [FML]: Instantiating coremod class MagmaCorePlugin
[17:24:44] [main/WARN] [FML]: The coremod MagmaCorePlugin (org.magmafoundation.magma.MagmaCorePlugin) is not signed!
[17:24:44] [main/INFO] [FML]: 4 mod patches loaded!
[17:24:44] [main/INFO] [FML]: FirstAid loaded
[17:24:44] [main/INFO] [FML]: FastWorkBench loaded
[17:24:44] [main/INFO] [FML]: naturessompass loaded
[17:24:44] [main/INFO] [FML]: FTB-Quest loaded
[17:24:44] [main/DEBUG] [FML]: Enqueued coremod MagmaCorePlugin
[17:24:44] [main/DEBUG] [FML]: All fundamental core mods are successfully located
[17:24:44] [main/DEBUG] [FML]: Discovering coremods
[17:24:44] [main/INFO] [FML]: Searching D:\Phunder\Github\FlashMiniGame\serveur magma\.\mods for mods
[17:24:44] [main/DEBUG] [FML]:   Adding Chisel-MC1.12.2-1.0.2.45.jar to the mod list
[17:24:44] [main/DEBUG] [FML]:   Adding chiselsandbits-14.33.jar to the mod list
[17:24:44] [main/DEBUG] [FML]:   Adding CTM-MC1.12.2-1.0.2.31.jar to the mod list
[17:24:44] [main/DEBUG] [FML]:   Adding CustomNPCs_1.12.2-(05Jul20).jar to the mod list
[17:24:44] [main/DEBUG] [FML]:   Adding Decocraft-2.6.3.7_1.12.2.jar to the mod list
[17:24:44] [main/DEBUG] [FML]:   Adding OptiFine_1.12.2_HD_U_G5_MOD.jar to the mod list
[17:24:44] [main/DEBUG] [FML]:   Adding PTRLib-1.0.5.jar to the mod list
[17:24:44] [main/DEBUG] [FML]:   Adding rustic-1.1.7.jar to the mod list
[17:24:44] [main/DEBUG] [FML]:   Adding worldedit-forge-mc1.12.2-6.1.10-dist.jar to the mod list
[17:24:44] [main/DEBUG] [FML]: Examining for coremod candidacy Chisel-MC1.12.2-1.0.2.45.jar
[17:24:44] [main/DEBUG] [FML]: Not found coremod data in Chisel-MC1.12.2-1.0.2.45.jar
[17:24:44] [main/DEBUG] [FML]: Examining for coremod candidacy chiselsandbits-14.33.jar
[17:24:44] [main/DEBUG] [FML]: Not found coremod data in chiselsandbits-14.33.jar
[17:24:44] [main/DEBUG] [FML]: Examining for coremod candidacy CTM-MC1.12.2-1.0.2.31.jar
[17:24:44] [main/WARN] [FML]: Found FMLCorePluginContainsFMLMod marker in CTM-MC1.12.2-1.0.2.31.jar. This is not recommended, @Mods should be in a separate jar from the coremod.
[17:24:44] [main/DEBUG] [FML]: Instantiating coremod class CTMCorePlugin
[17:24:44] [main/WARN] [FML]: The coremod team.chisel.ctm.client.asm.CTMCorePlugin does not have a MCVersion annotation, it may cause issues with this version of Minecraft
[17:24:44] [main/WARN] [FML]: The coremod CTMCorePlugin (team.chisel.ctm.client.asm.CTMCorePlugin) is not signed!
[17:24:44] [main/DEBUG] [FML]: Enqueued coremod CTMCorePlugin
[17:24:44] [main/DEBUG] [FML]: Examining for coremod candidacy CustomNPCs_1.12.2-(05Jul20).jar
[17:24:44] [main/DEBUG] [FML]: Not found coremod data in CustomNPCs_1.12.2-(05Jul20).jar
[17:24:44] [main/DEBUG] [FML]: Examining for coremod candidacy Decocraft-2.6.3.7_1.12.2.jar
[17:24:44] [main/DEBUG] [FML]: Not found coremod data in Decocraft-2.6.3.7_1.12.2.jar
[17:24:44] [main/DEBUG] [FML]: Examining for coremod candidacy OptiFine_1.12.2_HD_U_G5_MOD.jar
[17:24:44] [main/INFO] [FML]: Loading tweaker optifine.OptiFineForgeTweaker from OptiFine_1.12.2_HD_U_G5_MOD.jar
[17:24:44] [main/DEBUG] [FML]: Examining for coremod candidacy PTRLib-1.0.5.jar
[17:24:44] [main/DEBUG] [FML]: Not found coremod data in PTRLib-1.0.5.jar
[17:24:44] [main/DEBUG] [FML]: Examining for coremod candidacy rustic-1.1.7.jar
[17:24:44] [main/DEBUG] [FML]: Not found coremod data in rustic-1.1.7.jar
[17:24:44] [main/DEBUG] [FML]: Examining for coremod candidacy worldedit-forge-mc1.12.2-6.1.10-dist.jar
[17:24:44] [main/DEBUG] [FML]: Not found coremod data in worldedit-forge-mc1.12.2-6.1.10-dist.jar
[17:24:44] [main/INFO] [LaunchWrapper]: Loading tweak class name net.minecraftforge.fml.common.launcher.FMLInjectionAndSortingTweaker
[17:24:44] [main/INFO] [LaunchWrapper]: Loading tweak class name optifine.OptiFineForgeTweaker
[17:24:44] [main/INFO] [LaunchWrapper]: Loading tweak class name net.minecraftforge.fml.common.launcher.FMLDeobfTweaker
[17:24:44] [main/INFO] [LaunchWrapper]: Calling tweak class net.minecraftforge.fml.common.launcher.FMLInjectionAndSortingTweaker
[17:24:44] [main/INFO] [LaunchWrapper]: Calling tweak class net.minecraftforge.fml.common.launcher.FMLInjectionAndSortingTweaker
[17:24:44] [main/INFO] [LaunchWrapper]: Calling tweak class optifine.OptiFineForgeTweaker
[17:24:44] [main/INFO] [STDOUT]: [optifine.OptiFineForgeTweaker:dbg:56]: OptiFineForgeTweaker: acceptOptions
[17:24:44] [main/INFO] [STDOUT]: [optifine.OptiFineForgeTweaker:dbg:56]: OptiFineForgeTweaker: Forge server detected, skipping class transformer
[17:24:44] [main/INFO] [LaunchWrapper]: Calling tweak class net.minecraftforge.fml.relauncher.CoreModManager$FMLPluginWrapper
[17:24:44] [main/DEBUG] [FML]: Injecting coremod FMLCorePlugin \{net.minecraftforge.fml.relauncher.FMLCorePlugin\} class transformers
[17:24:44] [main/TRACE] [FML]: Registering transformer net.minecraftforge.fml.common.asm.transformers.SideTransformer
[17:24:44] [main/TRACE] [FML]: Registering transformer net.minecraftforge.fml.common.asm.transformers.EventSubscriptionTransformer
[17:24:44] [main/TRACE] [FML]: Registering transformer net.minecraftforge.fml.common.asm.transformers.EventSubscriberTransformer
[17:24:44] [main/TRACE] [FML]: Registering transformer net.minecraftforge.fml.common.asm.transformers.SoundEngineFixTransformer
[17:24:44] [main/DEBUG] [FML]: Injection complete
[17:24:44] [main/DEBUG] [FML]: Running coremod plugin for FMLCorePlugin \{net.minecraftforge.fml.relauncher.FMLCorePlugin\}
[17:24:44] [main/DEBUG] [FML]: Running coremod plugin FMLCorePlugin
[17:24:45] [main/DEBUG] [FML]: Read 1400 binary patches
[17:24:45] [main/DEBUG] [FML]: Loading deobfuscation resource /deobfuscation_data-1.12.2.lzma with 36083 records
[17:24:46] [main/WARN] [FML]: Patcher expecting empty class data file for net.minecraft.client.settings.GameSettings$2, but received non-empty
[17:24:46] [main/WARN] [FML]: Patcher expecting empty class data file for net.minecraft.client.settings.GameSettings$Options, but received non-empty
[17:24:46] [main/WARN] [FML]: Patcher expecting empty class data file for net.minecraft.client.settings.GameSettings, but received non-empty
[17:24:46] [main/WARN] [FML]: Patcher expecting empty class data file for net.minecraft.client.LoadingScreenRenderer, but received non-empty
[17:24:46] [main/WARN] [FML]: Patcher expecting empty class data file for net.minecraft.util.ScreenShotHelper, but received non-empty
[17:24:46] [main/WARN] [FML]: Patcher expecting empty class data file for net.minecraft.client.gui.FontRenderer, but received non-empty
[17:24:46] [main/WARN] [FML]: Patcher expecting empty class data file for net.minecraft.client.gui.GuiIngame$1, but received non-empty
[17:24:46] [main/WARN] [FML]: Patcher expecting empty class data file for net.minecraft.client.gui.GuiIngame, but received non-empty
[17:24:46] [main/WARN] [FML]: Patcher expecting empty class data file for net.minecraft.client.gui.GuiOverlayDebug$1, but received non-empty
[17:24:46] [main/WARN] [FML]: Patcher expecting empty class data file for net.minecraft.client.gui.GuiOverlayDebug, but received non-empty
[17:24:46] [main/WARN] [FML]: Patcher expecting empty class data file for net.minecraft.client.gui.GuiSlot, but received non-empty
[17:24:46] [main/WARN] [FML]: Patcher expecting empty class data file for net.minecraft.client.gui.GuiMainMenu, but received non-empty
[17:24:46] [main/WARN] [FML]: Patcher expecting empty class data file for net.minecraft.client.gui.GuiVideoSettings, but received non-empty
[17:24:46] [main/WARN] [FML]: Patcher expecting empty class data file for net.minecraft.client.model.TexturedQuad, but received non-empty
[17:24:46] [main/WARN] [FML]: Patcher expecting empty class data file for net.minecraft.client.model.ModelBox, but received non-empty
[17:24:46] [main/WARN] [FML]: Patcher expecting empty class data file for net.minecraft.client.model.ModelRenderer, but received non-empty
[17:24:46] [main/WARN] [FML]: Patcher expecting empty class data file for net.minecraft.client.multiplayer.WorldClient$1, but received non-empty
[17:24:46] [main/WARN] [FML]: Patcher expecting empty class data file for net.minecraft.client.multiplayer.WorldClient$2, but received non-empty
[17:24:46] [main/WARN] [FML]: Patcher expecting empty class data file for net.minecraft.client.multiplayer.WorldClient$3, but received non-empty
[17:24:46] [main/WARN] [FML]: Patcher expecting empty class data file for net.minecraft.client.multiplayer.WorldClient$4, but received non-empty
[17:24:46] [main/WARN] [FML]: Patcher expecting empty class data file for net.minecraft.client.multiplayer.WorldClient, but received non-empty
[17:24:46] [main/WARN] [FML]: Patcher expecting empty class data file for net.minecraft.client.particle.ParticleManager$1, but received non-empty
[17:24:46] [main/WARN] [FML]: Patcher expecting empty class data file for net.minecraft.client.particle.ParticleManager$2, but received non-empty
[17:24:46] [main/WARN] [FML]: Patcher expecting empty class data file for net.minecraft.client.particle.ParticleManager$3, but received non-empty
[17:24:46] [main/WARN] [FML]: Patcher expecting empty class data file for net.minecraft.client.particle.ParticleManager$4, but received non-empty
[17:24:46] [main/WARN] [FML]: Patcher expecting empty class data file for net.minecraft.client.particle.ParticleManager, but received non-empty
[17:24:46] [main/WARN] [FML]: Patcher expecting empty class data file for net.minecraft.client.entity.AbstractClientPlayer, but received non-empty
[17:24:46] [main/WARN] [FML]: Patcher expecting empty class data file for net.minecraft.client.renderer.BufferBuilder$1, but received non-empty
[17:24:46] [main/WARN] [FML]: Patcher expecting empty class data file for net.minecraft.client.renderer.BufferBuilder$2, but received non-empty
[17:24:46] [main/WARN] [FML]: Patcher expecting empty class data file for net.minecraft.client.renderer.BufferBuilder$State, but received non-empty
[17:24:46] [main/WARN] [FML]: Patcher expecting empty class data file for net.minecraft.client.renderer.BufferBuilder, but received non-empty
[17:24:46] [main/WARN] [FML]: Patcher expecting empty class data file for net.minecraft.client.renderer.EntityRenderer$1, but received non-empty
[17:24:46] [main/WARN] [FML]: Patcher expecting empty class data file for net.minecraft.client.renderer.EntityRenderer$2, but received non-empty
[17:24:46] [main/WARN] [FML]: Patcher expecting empty class data file for net.minecraft.client.renderer.EntityRenderer$3, but received non-empty
[17:24:46] [main/WARN] [FML]: Patcher expecting empty class data file for net.minecraft.client.renderer.EntityRenderer$4, but received non-empty
[17:24:46] [main/WARN] [FML]: Patcher expecting empty class data file for net.minecraft.client.renderer.EntityRenderer, but received non-empty
[17:24:46] [main/WARN] [FML]: Patcher expecting empty class data file for net.minecraft.client.renderer.ItemRenderer$1, but received non-empty
[17:24:46] [main/WARN] [FML]: Patcher expecting empty class data file for net.minecraft.client.renderer.ItemRenderer, but received non-empty
[17:24:46] [main/WARN] [FML]: Patcher expecting empty class data file for net.minecraft.client.renderer.RenderGlobal$1, but received non-empty
[17:24:46] [main/WARN] [FML]: Patcher expecting empty class data file for net.minecraft.client.renderer.RenderGlobal$2, but received non-empty
[17:24:46] [main/WARN] [FML]: Patcher expecting empty class data file for net.minecraft.client.renderer.RenderGlobal$ContainerLocalRenderInformation, but received non-empty
[17:24:46] [main/WARN] [FML]: Patcher expecting empty class data file for net.minecraft.client.renderer.RenderGlobal, but received non-empty
[17:24:46] [main/WARN] [FML]: Patcher expecting empty class data file for net.minecraft.client.renderer.BlockFluidRenderer, but received non-empty
[17:24:46] [main/WARN] [FML]: Patcher expecting empty class data file for net.minecraft.client.renderer.BlockModelRenderer$1, but received non-empty
[17:24:46] [main/WARN] [FML]: Patcher expecting empty class data file for net.minecraft.client.renderer.BlockModelRenderer$EnumNeighborInfo, but received non-empty
[17:24:46] [main/WARN] [FML]: Patcher expecting empty class data file for net.minecraft.client.renderer.BlockModelRenderer$AmbientOcclusionFace, but received non-empty
[17:24:46] [main/WARN] [FML]: Patcher expecting empty class data file for net.minecraft.client.renderer.BlockModelRenderer$VertexTranslations, but received non-empty
[17:24:46] [main/WARN] [FML]: Patcher expecting empty class data file for net.minecraft.client.renderer.BlockModelRenderer$Orientation, but received non-empty
[17:24:46] [main/WARN] [FML]: Patcher expecting empty class data file for net.minecraft.client.renderer.BlockModelRenderer, but received non-empty
[17:24:46] [main/WARN] [FML]: Patcher expecting empty class data file for net.minecraft.client.renderer.block.model.BakedQuad, but received non-empty
[17:24:46] [main/WARN] [FML]: Patcher expecting empty class data file for net.minecraft.client.renderer.block.model.BakedQuadRetextured, but received non-empty
[17:24:46] [main/WARN] [FML]: Patcher expecting empty class data file for net.minecraft.client.renderer.block.model.FaceBakery$5, but received non-empty
[17:24:46] [main/WARN] [FML]: Patcher expecting empty class data file for net.minecraft.client.renderer.block.model.FaceBakery, but received non-empty
[17:24:46] [main/WARN] [FML]: Patcher expecting empty class data file for net.minecraft.client.renderer.block.model.ItemOverrideList, but received non-empty
[17:24:46] [main/WARN] [FML]: Patcher expecting empty class data file for net.minecraft.client.renderer.tileentity.TileEntityRendererDispatcher, but received non-empty
[17:24:46] [main/WARN] [FML]: Patcher expecting empty class data file for net.minecraft.client.renderer.tileentity.TileEntitySpecialRenderer, but received non-empty
[17:24:46] [main/WARN] [FML]: Patcher expecting empty class data file for net.minecraft.client.renderer.chunk.ChunkRenderDispatcher$1, but received non-empty
[17:24:46] [main/WARN] [FML]: Patcher expecting empty class data file for net.minecraft.client.renderer.chunk.ChunkRenderDispatcher$2, but received non-empty
[17:24:46] [main/WARN] [FML]: Patcher expecting empty class data file for net.minecraft.client.renderer.chunk.ChunkRenderDispatcher$3, but received non-empty
[17:24:46] [main/WARN] [FML]: Patcher expecting empty class data file for net.minecraft.client.renderer.chunk.ChunkRenderDispatcher$PendingUpload, but received non-empty
[17:24:46] [main/WARN] [FML]: Patcher expecting empty class data file for net.minecraft.client.renderer.chunk.ChunkRenderDispatcher, but received non-empty
[17:24:46] [main/WARN] [FML]: Patcher expecting empty class data file for net.minecraft.client.renderer.chunk.RenderChunk, but received non-empty
[17:24:46] [main/WARN] [FML]: Patcher expecting empty class data file for net.minecraft.client.renderer.entity.RenderManager, but received non-empty
[17:24:46] [main/WARN] [FML]: Patcher expecting empty class data file for net.minecraft.client.renderer.entity.RenderItemFrame, but received non-empty
[17:24:46] [main/WARN] [FML]: Patcher expecting empty class data file for net.minecraft.client.renderer.RenderItem$1, but received non-empty
[17:24:46] [main/WARN] [FML]: Patcher expecting empty class data file for net.minecraft.client.renderer.RenderItem$10, but received non-empty
[17:24:46] [main/WARN] [FML]: Patcher expecting empty class data file for net.minecraft.client.renderer.RenderItem$2, but received non-empty
[17:24:46] [main/WARN] [FML]: Patcher expecting empty class data file for net.minecraft.client.renderer.RenderItem$3, but received non-empty
[17:24:46] [main/WARN] [FML]: Patcher expecting empty class data file for net.minecraft.client.renderer.RenderItem$4, but received non-empty
[17:24:46] [main/WARN] [FML]: Patcher expecting empty class data file for net.minecraft.client.renderer.RenderItem$5, but received non-empty
[17:24:46] [main/WARN] [FML]: Patcher expecting empty class data file for net.minecraft.client.renderer.RenderItem$6, but received non-empty
[17:24:46] [main/WARN] [FML]: Patcher expecting empty class data file for net.minecraft.client.renderer.RenderItem$7, but received non-empty
[17:24:46] [main/WARN] [FML]: Patcher expecting empty class data file for net.minecraft.client.renderer.RenderItem$8, but received non-empty
[17:24:46] [main/WARN] [FML]: Patcher expecting empty class data file for net.minecraft.client.renderer.RenderItem$9, but received non-empty
[17:24:46] [main/WARN] [FML]: Patcher expecting empty class data file for net.minecraft.client.renderer.RenderItem, but received non-empty
[17:24:46] [main/WARN] [FML]: Patcher expecting empty class data file for net.minecraft.client.renderer.entity.RenderLivingBase$1, but received non-empty
[17:24:46] [main/WARN] [FML]: Patcher expecting empty class data file for net.minecraft.client.renderer.entity.RenderLivingBase, but received non-empty
[17:24:46] [main/WARN] [FML]: Patcher expecting empty class data file for net.minecraft.client.renderer.entity.layers.LayerArmorBase, but received non-empty
[17:24:46] [main/WARN] [FML]: Patcher expecting empty class data file for net.minecraft.client.renderer.texture.LayeredColorMaskTexture, but received non-empty
[17:24:46] [main/WARN] [FML]: Patcher expecting empty class data file for net.minecraft.client.renderer.texture.Stitcher$Holder, but received non-empty
[17:24:46] [main/WARN] [FML]: Patcher expecting empty class data file for net.minecraft.client.renderer.texture.Stitcher$Slot, but received non-empty
[17:24:46] [main/WARN] [FML]: Patcher expecting empty class data file for net.minecraft.client.renderer.texture.Stitcher, but received non-empty
[17:24:46] [main/WARN] [FML]: Patcher expecting empty class data file for net.minecraft.client.renderer.texture.TextureMap$1, but received non-empty
[17:24:46] [main/WARN] [FML]: Patcher expecting empty class data file for net.minecraft.client.renderer.texture.TextureMap$2, but received non-empty
[17:24:46] [main/WARN] [FML]: Patcher expecting empty class data file for net.minecraft.client.renderer.texture.TextureMap$3, but received non-empty
[17:24:46] [main/WARN] [FML]: Patcher expecting empty class data file for net.minecraft.client.renderer.texture.TextureMap, but received non-empty
[17:24:46] [main/WARN] [FML]: Patcher expecting empty class data file for net.minecraft.client.renderer.texture.TextureAtlasSprite$1, but received non-empty
[17:24:46] [main/WARN] [FML]: Patcher expecting empty class data file for net.minecraft.client.renderer.texture.TextureAtlasSprite, but received non-empty
[17:24:46] [main/WARN] [FML]: Patcher expecting empty class data file for net.minecraft.client.renderer.texture.TextureManager$1, but received non-empty
[17:24:46] [main/WARN] [FML]: Patcher expecting empty class data file for net.minecraft.client.renderer.texture.TextureManager, but received non-empty
[17:24:46] [main/WARN] [FML]: Patcher expecting empty class data file for net.minecraft.client.renderer.texture.TextureUtil, but received non-empty
[17:24:46] [main/WARN] [FML]: Patcher expecting empty class data file for net.minecraft.client.resources.ResourcePackRepository$2, but received non-empty
[17:24:46] [main/WARN] [FML]: Patcher expecting empty class data file for net.minecraft.client.resources.ResourcePackRepository$3, but received non-empty
[17:24:46] [main/WARN] [FML]: Patcher expecting empty class data file for net.minecraft.client.resources.ResourcePackRepository$Entry, but received non-empty
[17:24:46] [main/WARN] [FML]: Patcher expecting empty class data file for net.minecraft.client.resources.ResourcePackRepository, but received non-empty
[17:24:46] [main/WARN] [FML]: Patcher expecting empty class data file for net.minecraft.client.renderer.block.model.ModelRotation, but received non-empty
[17:24:46] [main/WARN] [FML]: Patcher expecting empty class data file for net.minecraft.client.renderer.block.model.ModelBakery$1, but received non-empty
[17:24:46] [main/WARN] [FML]: Patcher expecting empty class data file for net.minecraft.client.renderer.block.model.ModelBakery$2, but received non-empty
[17:24:46] [main/WARN] [FML]: Patcher expecting empty class data file for net.minecraft.client.renderer.block.model.ModelBakery$3, but received non-empty
[17:24:46] [main/WARN] [FML]: Patcher expecting empty class data file for net.minecraft.client.renderer.block.model.ModelBakery, but received non-empty
[17:24:46] [main/WARN] [FML]: Patcher expecting empty class data file for net.minecraft.server.integrated.IntegratedServer$1, but received non-empty
[17:24:46] [main/WARN] [FML]: Patcher expecting empty class data file for net.minecraft.server.integrated.IntegratedServer$2, but received non-empty
[17:24:46] [main/WARN] [FML]: Patcher expecting empty class data file for net.minecraft.server.integrated.IntegratedServer$3, but received non-empty
[17:24:46] [main/WARN] [FML]: Patcher expecting empty class data file for net.minecraft.server.integrated.IntegratedServer, but received non-empty
[17:24:46] [main/WARN] [FML]: Patcher expecting empty class data file for net.minecraft.client.renderer.OpenGlHelper$1, but received non-empty
[17:24:46] [main/WARN] [FML]: Patcher expecting empty class data file for net.minecraft.client.renderer.OpenGlHelper$FboMode, but received non-empty
[17:24:46] [main/WARN] [FML]: Patcher expecting empty class data file for net.minecraft.client.renderer.OpenGlHelper, but received non-empty
[17:24:46] [main/DEBUG] [FML]: Coremod plugin class FMLCorePlugin run successfully
[17:24:46] [main/INFO] [LaunchWrapper]: Calling tweak class net.minecraftforge.fml.relauncher.CoreModManager$FMLPluginWrapper
[17:24:46] [main/DEBUG] [FML]: Injecting coremod FMLForgePlugin \{net.minecraftforge.classloading.FMLForgePlugin\} class transformers
[17:24:46] [main/DEBUG] [FML]: Injection complete
[17:24:46] [main/DEBUG] [FML]: Running coremod plugin for FMLForgePlugin \{net.minecraftforge.classloading.FMLForgePlugin\}
[17:24:46] [main/DEBUG] [FML]: Running coremod plugin FMLForgePlugin
[17:24:46] [main/DEBUG] [FML]: Coremod plugin class FMLForgePlugin run successfully
[17:24:46] [main/INFO] [LaunchWrapper]: Calling tweak class net.minecraftforge.fml.relauncher.CoreModManager$FMLPluginWrapper
[17:24:46] [main/DEBUG] [FML]: Injecting coremod MagmaCorePlugin \{org.magmafoundation.magma.MagmaCorePlugin\} class transformers
[17:24:46] [main/TRACE] [FML]: Registering transformer org.magmafoundation.magma.modPatcher.patches.FirstAidPatch
[17:24:46] [main/TRACE] [FML]: Registering transformer org.magmafoundation.magma.modPatcher.patches.FastBenchPatch
[17:24:46] [main/TRACE] [FML]: Registering transformer org.magmafoundation.magma.modPatcher.patches.NaturesCompassPatch
[17:24:46] [main/TRACE] [FML]: Registering transformer org.magmafoundation.magma.modPatcher.patches.FTBQuestPatch
[17:24:46] [main/DEBUG] [FML]: Injection complete
[17:24:46] [main/DEBUG] [FML]: Running coremod plugin for MagmaCorePlugin \{org.magmafoundation.magma.MagmaCorePlugin\}
[17:24:46] [main/DEBUG] [FML]: Running coremod plugin MagmaCorePlugin
[17:24:46] [main/DEBUG] [FML]: Coremod plugin class MagmaCorePlugin run successfully
[17:24:46] [main/INFO] [LaunchWrapper]: Calling tweak class net.minecraftforge.fml.common.launcher.FMLDeobfTweaker
[17:24:46] [main/DEBUG] [FML]: Loaded 215 rules from AccessTransformer config file forge_at.cfg
[17:24:46] [main/DEBUG] [FML]: Loaded 1 rules from AccessTransformer mod jar file .\mods\Decocraft-2.6.3.7_1.12.2.jar!META-INF/decocraft_at.cfg

[17:24:46] [main/DEBUG] [FML]: Loaded 1 rules from AccessTransformer mod jar file .\mods\worldedit-forge-mc1.12.2-6.1.10-dist.jar!META-INF/worldedit_at.cfg

[17:24:46] [main/DEBUG] [FML]: Loaded 9 rules from AccessTransformer mod jar file .\mods\CustomNPCs_1.12.2-(05Jul20).jar!META-INF/cnpcs_at.cfg

[17:24:46] [main/DEBUG] [FML]: Loaded 8 rules from AccessTransformer mod jar file .\mods\Chisel-MC1.12.2-1.0.2.45.jar!META-INF/chisel_at.cfg

[17:24:46] [main/DEBUG] [FML]: Loaded 5 rules from AccessTransformer mod jar file .\mods\CTM-MC1.12.2-1.0.2.31.jar!META-INF/ctm_at.cfg

[17:24:46] [main/DEBUG] [FML]: Loaded 7 rules from AccessTransformer mod jar file .\mods\chiselsandbits-14.33.jar!META-INF/chiselsandbits_at.cfg

[17:24:46] [main/DEBUG] [FML]: Validating minecraft
[17:24:46] [main/DEBUG] [FML]: Minecraft validated, launching...
[17:24:46] [main/INFO] [LaunchWrapper]: Calling tweak class net.minecraftforge.fml.relauncher.CoreModManager$FMLPluginWrapper
[17:24:46] [main/DEBUG] [FML]: Injecting coremod CTMCorePlugin \{team.chisel.ctm.client.asm.CTMCorePlugin\} class transformers
[17:24:46] [main/TRACE] [FML]: Registering transformer team.chisel.ctm.client.asm.CTMTransformer
[17:24:46] [main/DEBUG] [FML]: Injection complete
[17:24:46] [main/DEBUG] [FML]: Running coremod plugin for CTMCorePlugin \{team.chisel.ctm.client.asm.CTMCorePlugin\}
[17:24:46] [main/DEBUG] [FML]: Running coremod plugin CTMCorePlugin
[17:24:46] [main/DEBUG] [FML]: Coremod plugin class CTMCorePlugin run successfully
[17:24:46] [main/INFO] [LaunchWrapper]: Loading tweak class name net.minecraftforge.fml.common.launcher.TerminalTweaker
[17:24:46] [main/INFO] [LaunchWrapper]: Calling tweak class net.minecraftforge.fml.common.launcher.TerminalTweaker
[17:24:46] [main/INFO] [STDOUT]: [optifine.OptiFineForgeTweaker:dbg:56]: OptiFineForgeTweaker: getLaunchArguments
[17:24:46] [main/INFO] [LaunchWrapper]: Launching wrapped minecraft {net.minecraft.server.MinecraftServer}
[17:24:48] [main/DEBUG] [FML]: Creating vanilla freeze snapshot
[17:24:48] [main/DEBUG] [FML]: Vanilla freeze snapshot created
[17:24:48] [main/INFO] [FML]: 3 patches loaded!
[17:24:48] [main/INFO] [FML]: dynmap [Remaps BukkitVersionHelperCB and BukkitVersionHelperGeneric to support Magma version] loaded
[17:24:48] [main/INFO] [FML]: CoreProtect [Changes Material to Magma's getBlockMaterial that has modded block materials ] loaded
[17:24:48] [main/INFO] [FML]: Essentials [Fixes Commands in Essentials] loaded
[17:24:49] [Server thread/INFO] [net.minecraft.server.dedicated.DedicatedServer]: Starting minecraft server version 1.12.2
[17:24:49] [Server thread/INFO] [FML]: MinecraftForge v14.23.5.2860 Initialized
[17:24:49] [Server thread/INFO] [FML]: Starts to replace vanilla recipe ingredients with ore ingredients.
[17:24:49] [Server thread/INFO] [FML]: Invalid recipe found with multiple oredict ingredients in the same ingredient...
[17:24:49] [Server thread/INFO] [FML]: Replaced 1227 ore ingredients
[17:24:49] [Server thread/DEBUG] [FML]: File D:\Phunder\Github\FlashMiniGame\serveur magma\config\injectedDependencies.json not found. No dependencies injected
[17:24:49] [Server thread/DEBUG] [FML]: Building injected Mod Containers [net.minecraftforge.fml.common.FMLContainer, net.minecraftforge.common.ForgeModContainer]
[17:24:49] [Server thread/DEBUG] [FML]: Attempting to load mods contained in the minecraft jar file and associated classes
[17:24:49] [Server thread/DEBUG] [FML]: Found a minecraft related file at D:\Phunder\Github\FlashMiniGame\serveur magma\Magma-1.12.2-a0c0ffb0.jar, examining for mod candidates
[17:24:49] [Server thread/TRACE] [FML]: Skipping known library file D:\Phunder\Github\FlashMiniGame\serveur magma\libraries\com\google\code\gson\gson\2.8.7\gson-2.8.7.jar
[17:24:49] [Server thread/TRACE] [FML]: Skipping known library file D:\Phunder\Github\FlashMiniGame\serveur magma\libraries\org\jline\jline\3.21.0\jline-3.21.0.jar
[17:24:49] [Server thread/DEBUG] [FML]: Found a minecraft related file at D:\Phunder\Github\FlashMiniGame\serveur magma\libraries\me\tongfei\progressbar\0.9.2\progressbar-0.9.2.jar, examining for mod candidates
[17:24:49] [Server thread/DEBUG] [FML]: Found a minecraft related file at D:\Phunder\Github\FlashMiniGame\serveur magma\libraries\minecraft_server.1.12.2.jar, examining for mod candidates
[17:24:49] [Server thread/TRACE] [FML]: Skipping known library file D:\Phunder\Github\FlashMiniGame\serveur magma\libraries\com\typesafe\akka\akka-actor_2.11\2.3.3\akka-actor_2.11-2.3.3.jar
[17:24:49] [Server thread/TRACE] [FML]: Skipping known library file D:\Phunder\Github\FlashMiniGame\serveur magma\libraries\org\ow2\asm\asm-all\5.2\asm-all-5.2.jar
[17:24:49] [Server thread/DEBUG] [FML]: Found a minecraft related file at D:\Phunder\Github\FlashMiniGame\serveur magma\libraries\net\md-5\bungeecord-chat\1.12-SNAPSHOT\bungeecord-chat-1.12-20180712.114550-97.jar, examining for mod candidates
[17:24:49] [Server thread/TRACE] [FML]: Skipping known library file D:\Phunder\Github\FlashMiniGame\serveur magma\libraries\org\apache\commons\commons-lang3\3.5\commons-lang3-3.5.jar
[17:24:49] [Server thread/DEBUG] [FML]: Found a minecraft related file at D:\Phunder\Github\FlashMiniGame\serveur magma\libraries\commons-lang\commons-lang\2.6\commons-lang-2.6.jar, examining for mod candidates
[17:24:49] [Server thread/DEBUG] [FML]: Found a minecraft related file at D:\Phunder\Github\FlashMiniGame\serveur magma\libraries\net\md-5\SpecialSource\1.8.5\SpecialSource-1.8.5.jar, examining for mod candidates
[17:24:49] [Server thread/TRACE] [FML]: Skipping known library file D:\Phunder\Github\FlashMiniGame\serveur magma\libraries\com\typesafe\config\1.3.1\config-1.3.1.jar
[17:24:49] [Server thread/DEBUG] [FML]: Found a minecraft related file at D:\Phunder\Github\FlashMiniGame\serveur magma\libraries\javassist\javassist\3.12.1.GA\javassist-3.12.1.GA.jar, examining for mod candidates
[17:24:49] [Server thread/TRACE] [FML]: Skipping known library file D:\Phunder\Github\FlashMiniGame\serveur magma\libraries\org\jline\jline\3.5.1\jline-3.5.1.jar
[17:24:49] [Server thread/TRACE] [FML]: Skipping known library file D:\Phunder\Github\FlashMiniGame\serveur magma\libraries\jline\jline\2.13\jline-2.13.jar
[17:24:49] [Server thread/TRACE] [FML]: Skipping known library file D:\Phunder\Github\FlashMiniGame\serveur magma\libraries\net\java\dev\jna\jna\4.4.0\jna-4.4.0.jar
[17:24:49] [Server thread/TRACE] [FML]: Skipping known library file D:\Phunder\Github\FlashMiniGame\serveur magma\libraries\net\sf\jopt-simple\jopt-simple\5.0.3\jopt-simple-5.0.3.jar
[17:24:49] [Server thread/DEBUG] [FML]: Found a minecraft related file at D:\Phunder\Github\FlashMiniGame\serveur magma\libraries\com\googlecode\json-simple\json-simple\1.1.1\json-simple-1.1.1.jar, examining for mod candidates
[17:24:49] [Server thread/TRACE] [FML]: Skipping known library file D:\Phunder\Github\FlashMiniGame\serveur magma\libraries\net\minecraft\launchwrapper\1.12\launchwrapper-1.12.jar
[17:24:49] [Server thread/TRACE] [FML]: Skipping known library file D:\Phunder\Github\FlashMiniGame\serveur magma\libraries\org\apache\logging\log4j\log4j-api\2.17.2\log4j-api-2.17.2.jar
[17:24:49] [Server thread/TRACE] [FML]: Skipping known library file D:\Phunder\Github\FlashMiniGame\serveur magma\libraries\org\apache\logging\log4j\log4j-core\2.17.2\log4j-core-2.17.2.jar
[17:24:49] [Server thread/DEBUG] [FML]: Found a minecraft related file at D:\Phunder\Github\FlashMiniGame\serveur magma\libraries\org\slf4j\slf4j-api\1.7.30\slf4j-api-1.7.30.jar, examining for mod candidates
[17:24:49] [Server thread/DEBUG] [FML]: Found a minecraft related file at D:\Phunder\Github\FlashMiniGame\serveur magma\libraries\org\slf4j\slf4j-nop\1.7.30\slf4j-nop-1.7.30.jar, examining for mod candidates
[17:24:49] [Server thread/DEBUG] [FML]: Found a minecraft related file at D:\Phunder\Github\FlashMiniGame\serveur magma\libraries\org\apache\logging\log4j\log4j-iostreams\2.17.2\log4j-iostreams-2.17.2.jar, examining for mod candidates
[17:24:49] [Server thread/TRACE] [FML]: Skipping known library file D:\Phunder\Github\FlashMiniGame\serveur magma\libraries\lzma\lzma\0.0.1\lzma-0.0.1.jar
[17:24:49] [Server thread/DEBUG] [FML]: Found a minecraft related file at D:\Phunder\Github\FlashMiniGame\serveur magma\libraries\org\apache\maven\maven-artifact\3.5.3\maven-artifact-3.5.3.jar, examining for mod candidates
[17:24:49] [Server thread/DEBUG] [FML]: Found a minecraft related file at D:\Phunder\Github\FlashMiniGame\serveur magma\libraries\mysql\mysql-connector-java\5.1.46\mysql-connector-java-5.1.46.jar, examining for mod candidates
[17:24:49] [Server thread/DEBUG] [FML]: Found a minecraft related file at D:\Phunder\Github\FlashMiniGame\serveur magma\libraries\org\reflections\reflections\0.9.10\reflections-0.9.10.jar, examining for mod candidates
[17:24:49] [Server thread/TRACE] [FML]: Skipping known library file D:\Phunder\Github\FlashMiniGame\serveur magma\libraries\org\scala-lang\scala-actors-migration_2.11\1.1.0\scala-actors-migration_2.11-1.1.0.jar
[17:24:49] [Server thread/TRACE] [FML]: Skipping known library file D:\Phunder\Github\FlashMiniGame\serveur magma\libraries\org\scala-lang\scala-compiler\2.11.1\scala-compiler-2.11.1.jar
[17:24:49] [Server thread/TRACE] [FML]: Skipping known library file D:\Phunder\Github\FlashMiniGame\serveur magma\libraries\org\scala-lang\plugins\scala-continuations-library_2.11\1.0.2\scala-continuations-library_2.11-1.0.2.jar
[17:24:49] [Server thread/TRACE] [FML]: Skipping known library file D:\Phunder\Github\FlashMiniGame\serveur magma\libraries\org\scala-lang\plugins\scala-continuations-plugin_2.11.1\1.0.2\scala-continuations-plugin_2.11.1-1.0.2.jar
[17:24:49] [Server thread/TRACE] [FML]: Skipping known library file D:\Phunder\Github\FlashMiniGame\serveur magma\libraries\org\scala-lang\scala-library\2.11.1\scala-library-2.11.1.jar
[17:24:49] [Server thread/TRACE] [FML]: Skipping known library file D:\Phunder\Github\FlashMiniGame\serveur magma\libraries\org\scala-lang\modules\scala-parser-combinators_2.11\1.0.1\scala-parser-combinators_2.11-1.0.1.jar
[17:24:49] [Server thread/TRACE] [FML]: Skipping known library file D:\Phunder\Github\FlashMiniGame\serveur magma\libraries\org\scala-lang\scala-reflect\2.11.1\scala-reflect-2.11.1.jar
[17:24:49] [Server thread/TRACE] [FML]: Skipping known library file D:\Phunder\Github\FlashMiniGame\serveur magma\libraries\org\scala-lang\modules\scala-swing_2.11\1.0.1\scala-swing_2.11-1.0.1.jar
[17:24:49] [Server thread/TRACE] [FML]: Skipping known library file D:\Phunder\Github\FlashMiniGame\serveur magma\libraries\org\scala-lang\modules\scala-xml_2.11\1.0.2\scala-xml_2.11-1.0.2.jar
[17:24:49] [Server thread/DEBUG] [FML]: Found a minecraft related file at D:\Phunder\Github\FlashMiniGame\serveur magma\libraries\org\yaml\snakeyaml\1.23\snakeyaml-1.23.jar, examining for mod candidates
[17:24:49] [Server thread/DEBUG] [FML]: Found a minecraft related file at D:\Phunder\Github\FlashMiniGame\serveur magma\libraries\org\xerial\sqlite-jdbc\3.21.0.1\sqlite-jdbc-3.21.0.1.jar, examining for mod candidates
[17:24:49] [Server thread/TRACE] [FML]: Skipping known library file D:\Phunder\Github\FlashMiniGame\serveur magma\libraries\net\sf\trove4j\trove4j\3.0.3\trove4j-3.0.3.jar
[17:24:49] [Server thread/TRACE] [FML]: Skipping known library file D:\Phunder\Github\FlashMiniGame\serveur magma\libraries\javax\vecmath\vecmath\1.5.2\vecmath-1.5.2.jar
[17:24:49] [Server thread/TRACE] [FML]: Skipping known library file D:\Phunder\Github\FlashMiniGame\serveur magma\.\mods\CTM-MC1.12.2-1.0.2.31.jar
[17:24:49] [Server thread/TRACE] [FML]: Skipping known library file D:\Phunder\Github\FlashMiniGame\serveur magma\.\mods\OptiFine_1.12.2_HD_U_G5_MOD.jar
[17:24:49] [Server thread/DEBUG] [FML]: Minecraft jar mods loaded successfully
[17:24:49] [Server thread/INFO] [FML]: Searching D:\Phunder\Github\FlashMiniGame\serveur magma\.\mods for mods
[17:24:49] [Server thread/DEBUG] [FML]:   Adding Chisel-MC1.12.2-1.0.2.45.jar to the mod list
[17:24:49] [Server thread/DEBUG] [FML]:   Adding chiselsandbits-14.33.jar to the mod list
[17:24:49] [Server thread/DEBUG] [FML]:   Adding CTM-MC1.12.2-1.0.2.31.jar to the mod list
[17:24:49] [Server thread/DEBUG] [FML]:   Adding CustomNPCs_1.12.2-(05Jul20).jar to the mod list
[17:24:49] [Server thread/DEBUG] [FML]:   Adding Decocraft-2.6.3.7_1.12.2.jar to the mod list
[17:24:49] [Server thread/DEBUG] [FML]:   Adding OptiFine_1.12.2_HD_U_G5_MOD.jar to the mod list
[17:24:49] [Server thread/DEBUG] [FML]:   Adding PTRLib-1.0.5.jar to the mod list
[17:24:49] [Server thread/DEBUG] [FML]:   Adding rustic-1.1.7.jar to the mod list
[17:24:49] [Server thread/DEBUG] [FML]:   Adding worldedit-forge-mc1.12.2-6.1.10-dist.jar to the mod list
[17:24:49] [Server thread/DEBUG] [FML]: Found a candidate zip or jar file Chisel-MC1.12.2-1.0.2.45.jar
[17:24:49] [Server thread/DEBUG] [FML]: Found a candidate zip or jar file chiselsandbits-14.33.jar
[17:24:49] [Server thread/DEBUG] [FML]: Found a candidate zip or jar file CTM-MC1.12.2-1.0.2.31.jar
[17:24:49] [Server thread/DEBUG] [FML]: Found a candidate zip or jar file CustomNPCs_1.12.2-(05Jul20).jar
[17:24:49] [Server thread/DEBUG] [FML]: Found a candidate zip or jar file Decocraft-2.6.3.7_1.12.2.jar
[17:24:49] [Server thread/TRACE] [FML]: Skipping already parsed coremod or tweaker OptiFine_1.12.2_HD_U_G5_MOD.jar
[17:24:49] [Server thread/DEBUG] [FML]: Found a candidate zip or jar file PTRLib-1.0.5.jar
[17:24:49] [Server thread/DEBUG] [FML]: Found a candidate zip or jar file rustic-1.1.7.jar
[17:24:49] [Server thread/DEBUG] [FML]: Found a candidate zip or jar file worldedit-forge-mc1.12.2-6.1.10-dist.jar
[17:24:49] [Server thread/DEBUG] [FML]: Examining file Magma-1.12.2-a0c0ffb0.jar for potential mods
[17:24:49] [Server thread/DEBUG] [FML]: The mod container Magma-1.12.2-a0c0ffb0.jar appears to be missing an mcmod.info file
[17:24:49] [Server thread/DEBUG] [FML]: Examining file progressbar-0.9.2.jar for potential mods
[17:24:49] [Server thread/DEBUG] [FML]: The mod container progressbar-0.9.2.jar appears to be missing an mcmod.info file
[17:24:49] [Server thread/DEBUG] [FML]: Examining file minecraft_server.1.12.2.jar for potential mods
[17:24:49] [Server thread/DEBUG] [FML]: The mod container minecraft_server.1.12.2.jar appears to be missing an mcmod.info file
